Build started 5/22/2015 8:21:54 PM.
     1>Project "C:\Users\Spencer\Documents\Visual Studio 2013\Projects\Project2\Project2\Project2.vcxproj" on node 2 (Build target(s)).
     1>ClCompile:
         C:\Program Files (x86)\Microsoft Visual Studio 12.0\VC\bin\CL.exe /c /ZI /nologo /W3 /WX- /sdl /Od /Oy- /D _MBCS /Gm /EHsc /RTC1 /MDd /GS /fp:precise /Zc:wchar_t /Zc:forScope /Fo"Debug\\" /Fd"Debug\vc120.pdb" /Gd /TP /analyze- /errorReport:prompt Game.cpp
         Game.cpp
     1>c:\users\spencer\documents\visual studio 2013\projects\project2\project2\game.cpp(125): warning C4244: 'initializing' : conversion from 'float' to 'int', possible loss of data
     1>c:\users\spencer\documents\visual studio 2013\projects\project2\project2\game.cpp(245): warning C4244: 'argument' : conversion from 'int' to 'GLfloat', possible loss of data
     1>c:\users\spencer\documents\visual studio 2013\projects\project2\project2\game.cpp(252): warning C4244: 'argument' : conversion from 'int' to 'GLfloat', possible loss of data
     1>c:\users\spencer\documents\visual studio 2013\projects\project2\project2\game.cpp(255): warning C4244: 'argument' : conversion from 'int' to 'GLfloat', possible loss of data
     1>c:\users\spencer\documents\visual studio 2013\projects\project2\project2\game.cpp(258): warning C4244: 'argument' : conversion from 'int' to 'GLfloat', possible loss of data
     1>c:\users\spencer\documents\visual studio 2013\projects\project2\project2\game.cpp(261): warning C4244: 'argument' : conversion from 'int' to 'GLfloat', possible loss of data
     1>c:\users\spencer\documents\visual studio 2013\projects\project2\project2\game.cpp(559): warning C4244: 'argument' : conversion from 'int' to 'float', possible loss of data
     1>c:\users\spencer\documents\visual studio 2013\projects\project2\project2\game.cpp(561): warning C4244: 'argument' : conversion from 'double' to 'int', possible loss of data
     1>c:\users\spencer\documents\visual studio 2013\projects\project2\project2\game.cpp(586): warning C4244: 'argument' : conversion from 'int' to 'float', possible loss of data
     1>c:\users\spencer\documents\visual studio 2013\projects\project2\project2\game.cpp(596): warning C4244: 'initializing' : conversion from 'double' to 'int', possible loss of data
     1>c:\users\spencer\documents\visual studio 2013\projects\project2\project2\game.cpp(597): warning C4244: 'initializing' : conversion from 'double' to 'int', possible loss of data
     1>c:\users\spencer\documents\visual studio 2013\projects\project2\project2\game.cpp(656): warning C4244: 'argument' : conversion from 'double' to 'int', possible loss of data
     1>c:\users\spencer\documents\visual studio 2013\projects\project2\project2\game.cpp(659): warning C4244: 'argument' : conversion from 'double' to 'int', possible loss of data
     1>c:\users\spencer\documents\visual studio 2013\projects\project2\project2\game.cpp(662): warning C4244: 'argument' : conversion from 'double' to 'int', possible loss of data
     1>c:\users\spencer\documents\visual studio 2013\projects\project2\project2\game.cpp(665): warning C4244: 'argument' : conversion from 'double' to 'int', possible loss of data
     1>c:\users\spencer\documents\visual studio 2013\projects\project2\project2\game.cpp(677): warning C4244: '=' : conversion from 'double' to 'float', possible loss of data
     1>c:\users\spencer\documents\visual studio 2013\projects\project2\project2\game.cpp(683): warning C4244: '=' : conversion from 'double' to 'float', possible loss of data
     1>c:\users\spencer\documents\visual studio 2013\projects\project2\project2\game.cpp(689): warning C4244: '=' : conversion from 'double' to 'float', possible loss of data
     1>c:\users\spencer\documents\visual studio 2013\projects\project2\project2\game.cpp(695): warning C4244: '=' : conversion from 'double' to 'float', possible loss of data
     1>c:\users\spencer\documents\visual studio 2013\projects\project2\project2\game.cpp(788): warning C4244: 'argument' : conversion from 'double' to 'int', possible loss of data
     1>c:\users\spencer\documents\visual studio 2013\projects\project2\project2\game.cpp(800): warning C4244: 'argument' : conversion from 'double' to 'int', possible loss of data
     1>c:\users\spencer\documents\visual studio 2013\projects\project2\project2\game.cpp(807): warning C4244: 'argument' : conversion from 'double' to 'int', possible loss of data
     1>c:\users\spencer\documents\visual studio 2013\projects\project2\project2\game.cpp(460): warning C4101: 'it' : unreferenced local variable
       Link:
         C:\Program Files (x86)\Microsoft Visual Studio 12.0\VC\bin\link.exe /ERRORREPORT:PROMPT /OUT:"C:\Users\Spencer\Documents\Visual Studio 2013\Projects\Project2\Debug\Project2.exe" /INCREMENTAL /NOLOGO SDL2.lib SDL2main.lib opengl32.lib glew32.lib glu32.lib kernel32.lib user32.lib gdi32.lib winspool.lib comdlg32.lib advapi32.lib shell32.lib ole32.lib oleaut32.lib uuid.lib odbc32.lib odbccp32.lib /MANIFEST /MANIFESTUAC:"level='asInvoker' uiAccess='false'" /manifest:embed /DEBUG /PDB:"C:\Users\Spencer\Documents\Visual Studio 2013\Projects\Project2\Debug\Project2.pdb" /SUBSYSTEM:CONSOLE /TLBID:1 /DYNAMICBASE /NXCOMPAT /IMPLIB:"C:\Users\Spencer\Documents\Visual Studio 2013\Projects\Project2\Debug\Project2.lib" /MACHINE:X86 Debug\Game.obj
         Project2.vcxproj -> C:\Users\Spencer\Documents\Visual Studio 2013\Projects\Project2\Debug\Project2.exe
     1>Done Building Project "C:\Users\Spencer\Documents\Visual Studio 2013\Projects\Project2\Project2\Project2.vcxproj" (Build target(s)).

Build succeeded.

Time Elapsed 00:00:00.87
